This is pdfTeX, Version 3.14159265-2.6-1.40.21 (MiKTeX 20.7) (preloaded format=pdflatex 2020.9.7)  7 SEP 2020 18:25
entering extended mode
**./questions.tex
(questions.tex
LaTeX2e <2020-02-02> patch level 5
L3 programming layer <2020-09-03>
(C:\Users\rapop\AppData\Local\Programs\MiKTeX\tex/latex/base\article.cls
Document Class: article 2019/12/20 v1.4l Standard LaTeX document class
(C:\Users\rapop\AppData\Local\Programs\MiKTeX\tex/latex/base\size10.clo
File: size10.clo 2019/12/20 v1.4l Standard LaTeX file (size option)
)
\c@part=\count168
\c@section=\count169
\c@subsection=\count170
\c@subsubsection=\count171
\c@paragraph=\count172
\c@subparagraph=\count173
\c@figure=\count174
\c@table=\count175
\abovecaptionskip=\skip47
\belowcaptionskip=\skip48
\bibindent=\dimen134
)
(C:\Users\rapop\AppData\Local\Programs\MiKTeX\tex/latex/l3backend\l3backend-pdf
tex.def
File: l3backend-pdftex.def 2020-09-01 L3 backend support: PDF output (pdfTeX)
\l__kernel_color_stack_int=\count176
\l__pdf_internal_box=\box45
)
No file questions.aux.
\openout1 = `questions.aux'.

LaTeX Font Info:    Checking defaults for OML/cmm/m/it on input line 6.
LaTeX Font Info:    ... okay on input line 6.
LaTeX Font Info:    Checking defaults for OMS/cmsy/m/n on input line 6.
LaTeX Font Info:    ... okay on input line 6.
LaTeX Font Info:    Checking defaults for OT1/cmr/m/n on input line 6.
LaTeX Font Info:    ... okay on input line 6.
LaTeX Font Info:    Checking defaults for T1/cmr/m/n on input line 6.
LaTeX Font Info:    ... okay on input line 6.
LaTeX Font Info:    Checking defaults for TS1/cmr/m/n on input line 6.
LaTeX Font Info:    ... okay on input line 6.
LaTeX Font Info:    Checking defaults for OMX/cmex/m/n on input line 6.
LaTeX Font Info:    ... okay on input line 6.
LaTeX Font Info:    Checking defaults for U/cmr/m/n on input line 6.
LaTeX Font Info:    ... okay on input line 6.
[1

{C:/Users/rapop/AppData/Local/MiKTeX/pdftex/config/pdftex.map}]
(questions.aux) ) 
Here is how much of TeX's memory you used:
 371 strings out of 481199
 6772 string characters out of 2905596
 244111 words of memory out of 3000000
 16058 multiletter control sequences out of 15000+200000
 535088 words of font info for 29 fonts, out of 3000000 for 9000
 1141 hyphenation exceptions out of 8191
 25i,4n,25p,186b,97s stack positions out of 5000i,500n,10000p,200000b,50000s
<C:/Users/rapop/AppData/Local/Programs/MiKTeX/fonts/type1/publ
ic/amsfonts/cm/cmr10.pfb>
Output written on questions.pdf (1 page, 18365 bytes).
PDF statistics:
 10 PDF objects out of 1000 (max. 8388607)
 0 named destinations out of 1000 (max. 500000)
 1 words of extra memory for PDF output out of 10000 (max. 10000000)

